\BOOKMARK [1][-]{section.1}{\376\377\000M\000a\000i\000n\000\040\000P\000a\000g\000e}{}
\BOOKMARK [2][-]{subsection.1.1}{\376\377\000I\000n\000t\000r\000o\000d\000u\000c\000t\000i\000o\000n}{section.1}
\BOOKMARK [2][-]{subsection.1.2}{\376\377\000A\000b\000o\000u\000t\000\040\000t\000h\000i\000s\000\040\000D\000o\000c\000u\000m\000e\000n\000t\000a\000t\000i\000o\000n}{section.1}
\BOOKMARK [2][-]{subsection.1.3}{\376\377\000I\000n\000s\000t\000a\000l\000l\000a\000t\000i\000o\000n\000\040\000a\000n\000d\000\040\000U\000s\000e}{section.1}
\BOOKMARK [2][-]{subsection.1.4}{\376\377\000R\000e\000c\000e\000n\000t\000\040\000c\000h\000a\000n\000g\000e\000s}{section.1}
\BOOKMARK [3][-]{subsubsection.1.4.1}{\376\377\0000\000.\0002\000.\0001}{subsection.1.4}
\BOOKMARK [1][-]{section.2}{\376\377\000T\000e\000s\000t\000\040\000L\000i\000s\000t}{}
\BOOKMARK [1][-]{section.3}{\376\377\000T\000o\000d\000o\000\040\000L\000i\000s\000t}{}
\BOOKMARK [1][-]{section.4}{\376\377\000B\000u\000g\000\040\000L\000i\000s\000t}{}
\BOOKMARK [1][-]{section.5}{\376\377\000M\000o\000d\000u\000l\000e\000\040\000I\000n\000d\000e\000x}{}
\BOOKMARK [2][-]{subsection.5.1}{\376\377\000M\000o\000d\000u\000l\000e\000s}{section.5}
\BOOKMARK [1][-]{section.6}{\376\377\000C\000l\000a\000s\000s\000\040\000I\000n\000d\000e\000x}{}
\BOOKMARK [2][-]{subsection.6.1}{\376\377\000C\000l\000a\000s\000s\000\040\000L\000i\000s\000t}{section.6}
\BOOKMARK [1][-]{section.7}{\376\377\000F\000i\000l\000e\000\040\000I\000n\000d\000e\000x}{}
\BOOKMARK [2][-]{subsection.7.1}{\376\377\000F\000i\000l\000e\000\040\000L\000i\000s\000t}{section.7}
\BOOKMARK [1][-]{section.8}{\376\377\000M\000o\000d\000u\000l\000e\000\040\000D\000o\000c\000u\000m\000e\000n\000t\000a\000t\000i\000o\000n}{}
\BOOKMARK [2][-]{subsection.8.1}{\376\377\000P\000e\000r\000i\000o\000d\000o\000g\000r\000a\000m\000\040\000g\000e\000n\000e\000r\000a\000t\000i\000o\000n}{section.8}
\BOOKMARK [3][-]{subsubsection.8.1.1}{\376\377\000D\000e\000f\000i\000n\000e\000\040\000D\000o\000c\000u\000m\000e\000n\000t\000a\000t\000i\000o\000n}{subsection.8.1}
\BOOKMARK [3][-]{subsubsection.8.1.2}{\376\377\000F\000u\000n\000c\000t\000i\000o\000n\000\040\000D\000o\000c\000u\000m\000e\000n\000t\000a\000t\000i\000o\000n}{subsection.8.1}
\BOOKMARK [2][-]{subsection.8.2}{\376\377\000A\000u\000t\000o\000c\000o\000r\000r\000e\000l\000a\000t\000i\000o\000n\000\040\000f\000u\000n\000c\000t\000i\000o\000n\000\040\000g\000e\000n\000e\000r\000a\000t\000i\000o\000n}{section.8}
\BOOKMARK [3][-]{subsubsection.8.2.1}{\376\377\000F\000u\000n\000c\000t\000i\000o\000n\000\040\000D\000o\000c\000u\000m\000e\000n\000t\000a\000t\000i\000o\000n}{subsection.8.2}
\BOOKMARK [2][-]{subsection.8.3}{\376\377\000F\000r\000e\000q\000u\000e\000n\000c\000y\000/\000o\000f\000f\000s\000e\000t\000\040\000g\000r\000i\000d\000\040\000g\000e\000n\000e\000r\000a\000t\000i\000o\000n}{section.8}
\BOOKMARK [3][-]{subsubsection.8.3.1}{\376\377\000F\000u\000n\000c\000t\000i\000o\000n\000\040\000D\000o\000c\000u\000m\000e\000n\000t\000a\000t\000i\000o\000n}{subsection.8.3}
\BOOKMARK [2][-]{subsection.8.4}{\376\377\000U\000t\000i\000l\000i\000t\000y\000\040\000f\000u\000n\000c\000t\000i\000o\000n\000s}{section.8}
\BOOKMARK [3][-]{subsubsection.8.4.1}{\376\377\000F\000u\000n\000c\000t\000i\000o\000n\000\040\000D\000o\000c\000u\000m\000e\000n\000t\000a\000t\000i\000o\000n}{subsection.8.4}
\BOOKMARK [1][-]{section.9}{\376\377\000C\000l\000a\000s\000s\000\040\000D\000o\000c\000u\000m\000e\000n\000t\000a\000t\000i\000o\000n}{}
\BOOKMARK [2][-]{subsection.9.1}{\376\377\000k\000p\000f\000t\000i\000m\000e\000s\000:\000:\000F\000a\000s\000t\000T\000a\000b\000l\000e\000\040\000C\000l\000a\000s\000s\000\040\000R\000e\000f\000e\000r\000e\000n\000c\000e}{section.9}
\BOOKMARK [3][-]{subsubsection.9.1.1}{\376\377\000D\000e\000t\000a\000i\000l\000e\000d\000\040\000D\000e\000s\000c\000r\000i\000p\000t\000i\000o\000n}{subsection.9.1}
\BOOKMARK [3][-]{subsubsection.9.1.2}{\376\377\000C\000o\000n\000s\000t\000r\000u\000c\000t\000o\000r\000\040\000\046\000\040\000D\000e\000s\000t\000r\000u\000c\000t\000o\000r\000\040\000D\000o\000c\000u\000m\000e\000n\000t\000a\000t\000i\000o\000n}{subsection.9.1}
\BOOKMARK [3][-]{subsubsection.9.1.3}{\376\377\000M\000e\000m\000b\000e\000r\000\040\000F\000u\000n\000c\000t\000i\000o\000n\000\040\000D\000o\000c\000u\000m\000e\000n\000t\000a\000t\000i\000o\000n}{subsection.9.1}
\BOOKMARK [1][-]{section.10}{\376\377\000F\000i\000l\000e\000\040\000D\000o\000c\000u\000m\000e\000n\000t\000a\000t\000i\000o\000n}{}
\BOOKMARK [2][-]{subsection.10.1}{\376\377\000a\000u\000t\000o\000c\000o\000r\000r\000.\000c\000p\000p\000\040\000F\000i\000l\000e\000\040\000R\000e\000f\000e\000r\000e\000n\000c\000e}{section.10}
\BOOKMARK [3][-]{subsubsection.10.1.1}{\376\377\000D\000e\000t\000a\000i\000l\000e\000d\000\040\000D\000e\000s\000c\000r\000i\000p\000t\000i\000o\000n}{subsection.10.1}
\BOOKMARK [2][-]{subsection.10.2}{\376\377\000d\000f\000t\000.\000c\000p\000p\000\040\000F\000i\000l\000e\000\040\000R\000e\000f\000e\000r\000e\000n\000c\000e}{section.10}
\BOOKMARK [3][-]{subsubsection.10.2.1}{\376\377\000D\000e\000t\000a\000i\000l\000e\000d\000\040\000D\000e\000s\000c\000r\000i\000p\000t\000i\000o\000n}{subsection.10.2}
\BOOKMARK [2][-]{subsection.10.3}{\376\377\000d\000f\000t\000.\000h\000\040\000F\000i\000l\000e\000\040\000R\000e\000f\000e\000r\000e\000n\000c\000e}{section.10}
\BOOKMARK [3][-]{subsubsection.10.3.1}{\376\377\000D\000e\000t\000a\000i\000l\000e\000d\000\040\000D\000e\000s\000c\000r\000i\000p\000t\000i\000o\000n}{subsection.10.3}
\BOOKMARK [2][-]{subsection.10.4}{\376\377\000f\000r\000e\000q\000g\000e\000n\000.\000c\000p\000p\000\040\000F\000i\000l\000e\000\040\000R\000e\000f\000e\000r\000e\000n\000c\000e}{section.10}
\BOOKMARK [3][-]{subsubsection.10.4.1}{\376\377\000D\000e\000t\000a\000i\000l\000e\000d\000\040\000D\000e\000s\000c\000r\000i\000p\000t\000i\000o\000n}{subsection.10.4}
\BOOKMARK [2][-]{subsection.10.5}{\376\377\000s\000c\000a\000r\000g\000l\000e\000.\000c\000p\000p\000\040\000F\000i\000l\000e\000\040\000R\000e\000f\000e\000r\000e\000n\000c\000e}{section.10}
\BOOKMARK [3][-]{subsubsection.10.5.1}{\376\377\000D\000e\000t\000a\000i\000l\000e\000d\000\040\000D\000e\000s\000c\000r\000i\000p\000t\000i\000o\000n}{subsection.10.5}
\BOOKMARK [2][-]{subsection.10.6}{\376\377\000s\000p\000e\000c\000i\000a\000l\000f\000r\000e\000q\000s\000.\000c\000p\000p\000\040\000F\000i\000l\000e\000\040\000R\000e\000f\000e\000r\000e\000n\000c\000e}{section.10}
\BOOKMARK [3][-]{subsubsection.10.6.1}{\376\377\000D\000e\000t\000a\000i\000l\000e\000d\000\040\000D\000e\000s\000c\000r\000i\000p\000t\000i\000o\000n}{subsection.10.6}
\BOOKMARK [2][-]{subsection.10.7}{\376\377\000t\000e\000s\000t\000s\000/\000d\000r\000i\000v\000e\000r\000.\000c\000p\000p\000\040\000F\000i\000l\000e\000\040\000R\000e\000f\000e\000r\000e\000n\000c\000e}{section.10}
\BOOKMARK [3][-]{subsubsection.10.7.1}{\376\377\000D\000e\000t\000a\000i\000l\000e\000d\000\040\000D\000e\000s\000c\000r\000i\000p\000t\000i\000o\000n}{subsection.10.7}
\BOOKMARK [3][-]{subsubsection.10.7.2}{\376\377\000F\000u\000n\000c\000t\000i\000o\000n\000\040\000D\000o\000c\000u\000m\000e\000n\000t\000a\000t\000i\000o\000n}{subsection.10.7}
\BOOKMARK [2][-]{subsection.10.8}{\376\377\000t\000e\000s\000t\000s\000/\000u\000n\000i\000t\000\137\000a\000u\000t\000o\000C\000o\000r\000r\000.\000c\000p\000p\000\040\000F\000i\000l\000e\000\040\000R\000e\000f\000e\000r\000e\000n\000c\000e}{section.10}
\BOOKMARK [3][-]{subsubsection.10.8.1}{\376\377\000D\000e\000t\000a\000i\000l\000e\000d\000\040\000D\000e\000s\000c\000r\000i\000p\000t\000i\000o\000n}{subsection.10.8}
\BOOKMARK [3][-]{subsubsection.10.8.2}{\376\377\000F\000u\000n\000c\000t\000i\000o\000n\000\040\000D\000o\000c\000u\000m\000e\000n\000t\000a\000t\000i\000o\000n}{subsection.10.8}
\BOOKMARK [2][-]{subsection.10.9}{\376\377\000t\000e\000s\000t\000s\000/\000u\000n\000i\000t\000\137\000l\000s\000N\000o\000r\000m\000a\000l\000E\000d\000f\000.\000c\000p\000p\000\040\000F\000i\000l\000e\000\040\000R\000e\000f\000e\000r\000e\000n\000c\000e}{section.10}
\BOOKMARK [3][-]{subsubsection.10.9.1}{\376\377\000D\000e\000t\000a\000i\000l\000e\000d\000\040\000D\000e\000s\000c\000r\000i\000p\000t\000i\000o\000n}{subsection.10.9}
\BOOKMARK [3][-]{subsubsection.10.9.2}{\376\377\000F\000u\000n\000c\000t\000i\000o\000n\000\040\000D\000o\000c\000u\000m\000e\000n\000t\000a\000t\000i\000o\000n}{subsection.10.9}
\BOOKMARK [2][-]{subsection.10.10}{\376\377\000t\000i\000m\000e\000s\000c\000a\000l\000e\000s\000.\000h\000\040\000F\000i\000l\000e\000\040\000R\000e\000f\000e\000r\000e\000n\000c\000e}{section.10}
\BOOKMARK [3][-]{subsubsection.10.10.1}{\376\377\000D\000e\000t\000a\000i\000l\000e\000d\000\040\000D\000e\000s\000c\000r\000i\000p\000t\000i\000o\000n}{subsection.10.10}
\BOOKMARK [2][-]{subsection.10.11}{\376\377\000u\000t\000i\000l\000s\000.\000c\000p\000p\000\040\000F\000i\000l\000e\000\040\000R\000e\000f\000e\000r\000e\000n\000c\000e}{section.10}
\BOOKMARK [3][-]{subsubsection.10.11.1}{\376\377\000D\000e\000t\000a\000i\000l\000e\000d\000\040\000D\000e\000s\000c\000r\000i\000p\000t\000i\000o\000n}{subsection.10.11}
\BOOKMARK [2][-]{subsection.10.12}{\376\377\000u\000t\000i\000l\000s\000.\000h\000\040\000F\000i\000l\000e\000\040\000R\000e\000f\000e\000r\000e\000n\000c\000e}{section.10}
\BOOKMARK [3][-]{subsubsection.10.12.1}{\376\377\000D\000e\000t\000a\000i\000l\000e\000d\000\040\000D\000e\000s\000c\000r\000i\000p\000t\000i\000o\000n}{subsection.10.12}
